<?xml version="1.0" encoding="UTF-8"?>
<testsuite name="com.codefarm.EventProducerTest" tests="1" skipped="0" failures="0" errors="0" timestamp="2023-04-21T10:06:45" hostname="ARVIND" time="1.384">
  <properties/>
  <testcase name="sendEventTest()" classname="com.codefarm.EventProducerTest" time="1.384"/>
  <system-out><![CDATA[]]></system-out>
  <system-err><![CDATA[SLF4J: Failed to load class "org.slf4j.impl.StaticLoggerBinder".
SLF4J: Defaulting to no-operation (NOP) logger implementation
SLF4J: See http://www.slf4j.org/codes.html#StaticLoggerBinder for further details.
]]></system-err>
</testsuite>
